<?xml version="1.0" encoding="UTF-8" ?>
<testsuite tests="1" failures="0" name="Training.AppTest" time="0.001" errors="0" skipped="0">
  <properties>
    <property name="java.vendor" value="Oracle Corporation"/>
    <property name="JOB_NAME" value="mvn-project2"/>
    <property name="CHROME_CRASHPAD_PIPE_NAME" value="\\.\pipe\crashpad_17556_UAJJPWTKZEXFHFYT"/>
    <property name="RUN_TESTS_DISPLAY_URL" value="http://localhost:8080/job/mvn-project2/2/display/redirect?page=tests"/>
    <property name="sun.java.launcher" value="SUN_STANDARD"/>
    <property name="NUMBER_OF_PROCESSORS" value="4"/>
    <property name="sun.management.compiler" value="HotSpot Client Compiler"/>
    <property name="JENKINS_HOME" value="C:\WINDOWS\system32\config\systemprofile\AppData\Local\Jenkins\.jenkins"/>
    <property name="HUDSON_SERVER_COOKIE" value="0aa9506b9432ebea"/>
    <property name="os.name" value="Windows 10"/>
    <property name="sun.boot.class.path" value="C:\Program Files (x86)\Java\jdk1.8.0_281\jre\lib\resources.jar;C:\Program Files (x86)\Java\jdk1.8.0_281\jre\lib\rt.jar;C:\Program Files (x86)\Java\jdk1.8.0_281\jre\lib\sunrsasign.jar;C:\Program Files (x86)\Java\jdk1.8.0_281\jre\lib\jsse.jar;C:\Program Files (x86)\Java\jdk1.8.0_281\jre\lib\jce.jar;C:\Program Files (x86)\Java\jdk1.8.0_281\jre\lib\charsets.jar;C:\Program Files (x86)\Java\jdk1.8.0_281\jre\lib\jfr.jar;C:\Program Files (x86)\Java\jdk1.8.0_281\jre\classes"/>
    <property name="EXECUTOR_NUMBER" value="0"/>
    <property name="__COMPAT_LAYER" value="DetectorsAppHealth ElevateCreateProcess"/>
    <property name="sun.desktop" value="windows"/>
    <property name="PATHEXT" value=".COM;.EXE;.BAT;.CMD;.VBS;.VBE;.JS;.JSE;.WSF;.WSH;.MSC"/>
    <property name="java.vm.specification.vendor" value="Oracle Corporation"/>
    <property name="NODE_LABELS" value="Avinash globes"/>
    <property name="TEMP" value="C:\Users\AVINAS~1\AppData\Local\Temp"/>
    <property name="java.runtime.version" value="1.8.0_281-b09"/>
    <property name="user.name" value="Avinash Gandham"/>
    <property name="guice.disable.misplaced.annotation.check" value="true"/>
    <property name="AppsRoot" value="D"/>
    <property name="CommonProgramW6432" value="C:\Program Files\Common Files"/>
    <property name="ProgramFiles" value="C:\Program Files (x86)"/>
    <property name="user.language" value="en"/>
    <property name="JOB_BASE_NAME" value="mvn-project2"/>
    <property name="RUN_CHANGES_DISPLAY_URL" value="http://localhost:8080/job/mvn-project2/2/display/redirect?page=changes"/>
    <property name="BUILD_DISPLAY_NAME" value="#2"/>
    <property name="OneDrive" value="C:\Users\Avinash Gandham\OneDrive"/>
    <property name="sun.boot.library.path" value="C:\Program Files (x86)\Java\jdk1.8.0_281\jre\bin"/>
    <property name="LOCALAPPDATA" value="C:\Users\Avinash Gandham\AppData\Local"/>
    <property name="java.version" value="1.8.0_281"/>
    <property name="PROCESSOR_LEVEL" value="6"/>
    <property name="user.timezone" value="America/New_York"/>
    <property name="USERNAME" value="Avinash Gandham"/>
    <property name="sun.arch.data.model" value="32"/>
    <property name="NODE_NAME" value="Avinash"/>
    <property name="PROCESSOR_ARCHITEW6432" value="AMD64"/>
    <property name="OneDriveConsumer" value="C:\Users\Avinash Gandham\OneDrive"/>
    <property name="java.endorsed.dirs" value="C:\Program Files (x86)\Java\jdk1.8.0_281\jre\lib\endorsed"/>
    <property name="BUILD_ID" value="2"/>
    <property name="sun.cpu.isalist" value="pentium_pro+mmx pentium_pro pentium+mmx pentium i486 i386 i86"/>
    <property name="sun.jnu.encoding" value="Cp1252"/>
    <property name="file.encoding.pkg" value="sun.io"/>
    <property name="file.separator" value="\"/>
    <property name="java.specification.name" value="Java Platform API Specification"/>
    <property name="HOMEDRIVE" value="C:"/>
    <property name="maven.conf" value="C:\Softwares\apache-maven-3.6.3\conf"/>
    <property name="java.class.version" value="52.0"/>
    <property name="=::" value="::\"/>
    <property name="org.slf4j.simpleLogger.defaultLogLevel" value="info"/>
    <property name="user.country" value="CA"/>
    <property name="ALLUSERSPROFILE" value="C:\ProgramData"/>
    <property name="java.home" value="C:\Program Files (x86)\Java\jdk1.8.0_281\jre"/>
    <property name="java.vm.info" value="mixed mode"/>
    <property name="os.version" value="10.0"/>
    <property name="RUN_DISPLAY_URL" value="http://localhost:8080/job/mvn-project2/2/display/redirect"/>
    <property name="TMP" value="C:\Users\AVINAS~1\AppData\Local\Temp"/>
    <property name="RUN_ARTIFACTS_DISPLAY_URL" value="http://localhost:8080/job/mvn-project2/2/display/redirect?page=artifacts"/>
    <property name="path.separator" value=";"/>
    <property name="java.vm.version" value="25.281-b09"/>
    <property name="user.variant" value=""/>
    <property name="JOB_DISPLAY_URL" value="http://localhost:8080/job/mvn-project2/display/redirect"/>
    <property name="CommonProgramFiles(x86)" value="C:\Program Files (x86)\Common Files"/>
    <property name="USERDOMAIN_ROAMINGPROFILE" value="DESKTOP-5E14FP7"/>
    <property name="java.awt.printerjob" value="sun.awt.windows.WPrinterJob"/>
    <property name="JAVA_HOME" value="C:\Program Files (x86)\Java\jdk1.8.0_281"/>
    <property name="sun.io.unicode.encoding" value="UnicodeLittle"/>
    <property name="CommonProgramFiles" value="C:\Program Files (x86)\Common Files"/>
    <property name="ComSpec" value="C:\WINDOWS\system32\cmd.exe"/>
    <property name="awt.toolkit" value="sun.awt.windows.WToolkit"/>
    <property name="HOMEPATH" value="\Users\Avinash Gandham"/>
    <property name="user.script" value=""/>
    <property name="COMPUTERNAME" value="DESKTOP-5E14FP7"/>
    <property name="user.home" value="C:\Users\Avinash Gandham"/>
    <property name="PUBLIC" value="C:\Users\Public"/>
    <property name="BUILD_TAG" value="jenkins-mvn-project2-2"/>
    <property name="JENKINS_SERVER_COOKIE" value="0aa9506b9432ebea"/>
    <property name="HUDSON_URL" value="http://localhost:8080/"/>
    <property name="ProgramData" value="C:\ProgramData"/>
    <property name="java.specification.vendor" value="Oracle Corporation"/>
    <property name="USERPROFILE" value="C:\Users\Avinash Gandham"/>
    <property name="CLASSPATH" value=""/>
    <property name="java.vendor.url" value="http://java.oracle.com/"/>
    <property name="java.library.path" value="C:\Program Files (x86)\Java\jdk1.8.0_281\bin;C:\WINDOWS\Sun\Java\bin;C:\WINDOWS\system32;C:\WINDOWS;C:\Softwares\apache-maven-3.6.3/bin;C:\Program Files (x86)\Java\jdk1.8.0_281/bin;C:\Program Files (x86)\Java\jdk1.8.0_281/bin;C:\Program Files (x86)\Google\Chrome\Application;C:\Program Files (x86)\Common Files\Oracle\Java\javapath;C:\Program Files (x86)\Intel\iCLS Client\;C:\Program Files\Intel\iCLS Client\;C:\WINDOWS\system32;C:\WINDOWS;C:\WINDOWS\System32\Wbem;C:\WINDOWS\System32\WindowsPowerShell\v1.0\;C:\WINDOWS\System32\OpenSSH\;C:\Program Files\Microsoft SQL Server\Client SDK\ODBC\130\Tools\Binn\;C:\Program Files (x86)\Microsoft SQL Server\140\Tools\Binn\;C:\Program Files\Microsoft SQL Server\140\Tools\Binn\;C:\Program Files\Microsoft SQL Server\140\DTS\Binn\;C:\Program Files (x86)\Microsoft SQL Server\150\DTS\Binn\;C:\Program Files\dotnet\;C:\Program Files\SASHome\Secure\ccme4;C:\Program Files\SASHome\x86\Secure\ccme4;C:\ProgramData\chocolatey\bin;C:\Program Files\Git\cmd;C:\Softwares\apache-maven-3.6.3\bin;C:\Program Files (x86)\Java\jdk1.8.0_281\bin;C:\Program Files (x86)\Java\jre1.8.0_281\bin;C:\Users\Avinash Gandham\AppData\Local\Microsoft\WindowsApps;;C:\Users\Avinash Gandham\AppData\Local\Programs\Microsoft VS Code\bin;&quot;C:\Program Files (x86)\Java\jre1.8.0_281\bin&quot;;."/>
    <property name="java.vm.vendor" value="Oracle Corporation"/>
    <property name="APPDATA" value="C:\Users\Avinash Gandham\AppData\Roaming"/>
    <property name="java.runtime.name" value="Java(TM) SE Runtime Environment"/>
    <property name="maven.home" value="C:\Softwares\apache-maven-3.6.3"/>
    <property name="java.class.path" value="C:/jen/maven35-agent.jar;C:\Softwares\apache-maven-3.6.3\boot\plexus-classworlds-2.6.0.jar;C:\Softwares\apache-maven-3.6.3/conf/logging"/>
    <property name="sun.java.command" value="jenkins.maven3.agent.Maven35Main C:\Softwares\apache-maven-3.6.3 C:\Users\Avinash Gandham\AppData\LocalLow\Sun\Java\Deployment\cache\6.0\2\32f78882-1e7ec5a1 C:/jen/maven35-interceptor.jar C:/jen/maven3-interceptor-commons.jar 49982"/>
    <property name="Path" value="C:\Program Files (x86)\Java\jdk1.8.0_281/bin;C:\Program Files (x86)\Google\Chrome\Application;C:\Program Files (x86)\Common Files\Oracle\Java\javapath;C:\Program Files (x86)\Intel\iCLS Client\;C:\Program Files\Intel\iCLS Client\;C:\WINDOWS\system32;C:\WINDOWS;C:\WINDOWS\System32\Wbem;C:\WINDOWS\System32\WindowsPowerShell\v1.0\;C:\WINDOWS\System32\OpenSSH\;C:\Program Files\Microsoft SQL Server\Client SDK\ODBC\130\Tools\Binn\;C:\Program Files (x86)\Microsoft SQL Server\140\Tools\Binn\;C:\Program Files\Microsoft SQL Server\140\Tools\Binn\;C:\Program Files\Microsoft SQL Server\140\DTS\Binn\;C:\Program Files (x86)\Microsoft SQL Server\150\DTS\Binn\;C:\Program Files\dotnet\;C:\Program Files\SASHome\Secure\ccme4;C:\Program Files\SASHome\x86\Secure\ccme4;C:\ProgramData\chocolatey\bin;C:\Program Files\Git\cmd;C:\Softwares\apache-maven-3.6.3\bin;C:\Program Files (x86)\Java\jdk1.8.0_281\bin;C:\Program Files (x86)\Java\jre1.8.0_281\bin;C:\Users\Avinash Gandham\AppData\Local\Microsoft\WindowsApps;;C:\Users\Avinash Gandham\AppData\Local\Programs\Microsoft VS Code\bin;&quot;C:\Program Files (x86)\Java\jre1.8.0_281\bin&quot;"/>
    <property name="java.vm.specification.name" value="Java Virtual Machine Specification"/>
    <property name="PROCESSOR_ARCHITECTURE" value="x86"/>
    <property name="PATH+JDK" value="C:\Program Files (x86)\Java\jdk1.8.0_281/bin"/>
    <property name="PROCESSOR_IDENTIFIER" value="Intel64 Family 6 Model 61 Stepping 4, GenuineIntel"/>
    <property name="SESSIONNAME" value="Console"/>
    <property name="java.vm.specification.version" value="1.8"/>
    <property name="sun.os.patch.level" value=""/>
    <property name="sun.cpu.endian" value="little"/>
    <property name="M2_HOME" value="C:\Softwares\apache-maven-3.6.3"/>
    <property name="java.io.tmpdir" value="C:\Users\AVINAS~1\AppData\Local\Temp\"/>
    <property name="OS" value="Windows_NT"/>
    <property name="HUDSON_HOME" value="C:\WINDOWS\system32\config\systemprofile\AppData\Local\Jenkins\.jenkins"/>
    <property name="PATH+MAVEN" value="C:\Softwares\apache-maven-3.6.3/bin"/>
    <property name="ProgramFiles(x86)" value="C:\Program Files (x86)"/>
    <property name="BUILD_URL" value="http://localhost:8080/job/mvn-project2/2/"/>
    <property name="java.vendor.url.bug" value="http://bugreport.sun.com/bugreport/"/>
    <property name="java.awt.graphicsenv" value="sun.awt.Win32GraphicsEnvironment"/>
    <property name="os.arch" value="x86"/>
    <property name="SystemRoot" value="C:\WINDOWS"/>
    <property name="java.ext.dirs" value="C:\Program Files (x86)\Java\jdk1.8.0_281\jre\lib\ext;C:\WINDOWS\Sun\Java\lib\ext"/>
    <property name="user.dir" value="C:\s5\maven\Demo"/>
    <property name="JOB_URL" value="http://localhost:8080/job/mvn-project2/"/>
    <property name="LOGONSERVER" value="\\DESKTOP-5E14FP7"/>
    <property name="USERDOMAIN" value="DESKTOP-5E14FP7"/>
    <property name="line.separator" value="
"/>
    <property name="MAVEN_HOME" value="C:\Softwares\apache-maven-3.6.3"/>
    <property name="java.vm.name" value="Java HotSpot(TM) Client VM"/>
    <property name="BUILD_NUMBER" value="2"/>
    <property name="JENKINS_URL" value="http://localhost:8080/"/>
    <property name="PROCESSOR_REVISION" value="3d04"/>
    <property name="ProgramW6432" value="C:\Program Files"/>
    <property name="windir" value="C:\WINDOWS"/>
    <property name="ChocolateyLastPathUpdate" value="132450400047046449"/>
    <property name="file.encoding" value="Cp1252"/>
    <property name="SystemDrive" value="C:"/>
    <property name="maven3.interceptor" value="C:\jen\maven35-interceptor.jar"/>
    <property name="WORKSPACE_TMP" value="C:/jen/workspace/mvn-project2@tmp"/>
    <property name="WORKSPACE" value="C:/jen/workspace/mvn-project2"/>
    <property name="ChocolateyInstall" value="C:\ProgramData\chocolatey"/>
    <property name="maven3.interceptor.common" value="C:\jen\maven3-interceptor-commons.jar"/>
    <property name="java.specification.version" value="1.8"/>
    <property name="PSModulePath" value="C:\Program Files\WindowsPowerShell\Modules;C:\WINDOWS\system32\WindowsPowerShell\v1.0\Modules;C:\Program Files (x86)\Microsoft SQL Server\140\Tools\PowerShell\Modules\"/>
    <property name="DriverData" value="C:\Windows\System32\Drivers\DriverData"/>
    <property name="CHROME_RESTART" value="Google Chrome|Whoa! Google Chrome has crashed. Relaunch now?|LEFT_TO_RIGHT"/>
  </properties>
  <testcase classname="Training.AppTest" name="shouldAnswerWithTrue" time="0.001"/>
</testsuite>